#
# There is insufficient memory for the Java Runtime Environment to continue.
# Native memory allocation (malloc) failed to allocate 154416 bytes for Chunk::new
# Possible reasons:
#   The system is out of physical RAM or swap space
#   In 32 bit mode, the process size limit was hit
# Possible solutions:
#   Reduce memory load on the system
#   Increase physical memory or swap space
#   Check if swap backing store is full
#   Use 64 bit Java on a 64 bit OS
#   Decrease Java heap size (-Xmx/-Xms)
#   Decrease number of Java threads
#   Decrease Java thread stack sizes (-Xss)
#   Set larger code cache with -XX:ReservedCodeCacheSize=
# This output file may be truncated or incomplete.
#
#  Out of Memory Error (allocation.cpp:323), pid=9364, tid=7560
#
# JRE version: Java(TM) SE Runtime Environment (7.0_55-b13) (build 1.7.0_55-b13)
# Java VM: Java HotSpot(TM) 64-Bit Server VM (24.55-b03 mixed mode windows-amd64 compressed oops)
# Failed to write core dump. Minidumps are not enabled by default on client versions of Windows
#

---------------  T H R E A D  ---------------

Current thread (0x000000000a822000):  JavaThread "C2 CompilerThread0" daemon [_thread_in_native, id=7560, stack(0x000000000c3f0000,0x000000000c4f0000)]

Stack: [0x000000000c3f0000,0x000000000c4f0000]

Current CompileTask:
C2:  24739 1133             org.objectweb.asm.signature.SignatureReader::accept (250 bytes)


---------------  P R O C E S S  ---------------

Java Threads: ( => current thread )
  0x000000000e2a5000 JavaThread "Universal Electricity" [_thread_in_vm, id=3484, stack(0x0000000010100000,0x0000000010200000)]
  0x000000001352d000 JavaThread "Thread-8" [_thread_blocked, id=9328, stack(0x0000000012540000,0x0000000012640000)]
  0x000000001352c800 JavaThread "Thread-7" [_thread_blocked, id=9336, stack(0x0000000010200000,0x0000000010300000)]
  0x0000000013d3f800 JavaThread "Timer hack thread" daemon [_thread_blocked, id=6116, stack(0x000000000f360000,0x000000000f460000)]
  0x0000000013df9800 JavaThread "Snooper Timer" daemon [_thread_blocked, id=3136, stack(0x000000000f630000,0x000000000f730000)]
  0x000000000d247800 JavaThread "AWT-Windows" daemon [_thread_in_native, id=10024, stack(0x000000000eec0000,0x000000000efc0000)]
  0x000000000d1b1000 JavaThread "Java2D Disposer" daemon [_thread_blocked, id=10148, stack(0x000000000ecc0000,0x000000000edc0000)]
  0x000000000a828800 JavaThread "Service Thread" daemon [_thread_blocked, id=9476, stack(0x000000000c5f0000,0x000000000c6f0000)]
  0x000000000a824800 JavaThread "C2 CompilerThread1" daemon [_thread_blocked, id=6684, stack(0x000000000c4f0000,0x000000000c5f0000)]
=>0x000000000a822000 JavaThread "C2 CompilerThread0" daemon [_thread_in_native, id=7560, stack(0x000000000c3f0000,0x000000000c4f0000)]
  0x000000000a812000 JavaThread "JDWP Command Reader" daemon [_thread_in_native, id=3520, stack(0x000000000c2f0000,0x000000000c3f0000)]
  0x000000000a80f800 JavaThread "JDWP Event Helper Thread" daemon [_thread_blocked, id=9276, stack(0x000000000c1f0000,0x000000000c2f0000)]
  0x000000000a80c800 JavaThread "JDWP Transport Listener: dt_socket" daemon [_thread_blocked, id=9684, stack(0x000000000bdc0000,0x000000000bec0000)]
  0x000000000a7f9000 JavaThread "Attach Listener" daemon [_thread_blocked, id=9004, stack(0x000000000bca0000,0x000000000bda0000)]
  0x000000000246e000 JavaThread "Signal Dispatcher" daemon [_thread_blocked, id=9936, stack(0x000000000bba0000,0x000000000bca0000)]
  0x000000000245d000 JavaThread "Finalizer" daemon [_thread_blocked, id=10208, stack(0x000000000baa0000,0x000000000bba0000)]
  0x000000000a7d4000 JavaThread "Reference Handler" daemon [_thread_blocked, id=10140, stack(0x000000000b9a0000,0x000000000baa0000)]
  0x0000000002376000 JavaThread "Client thread" [_thread_in_Java, id=7172, stack(0x0000000002270000,0x0000000002370000)]

Other Threads:
  0x000000000a7d2800 VMThread [stack: 0x000000000b8a0000,0x000000000b9a0000] [id=9252]
  0x000000000c703000 WatcherThread [stack: 0x000000000caf0000,0x000000000cbf0000] [id=8784]

VM state:not at safepoint (normal execution)

VM Mutex/Monitor currently owned by a thread: None

Heap
 PSYoungGen      total 369152K, used 161757K [0x00000007d5500000, 0x00000007ed700000, 0x0000000800000000)
  eden space 344576K, 43% used [0x00000007d5500000,0x00000007de7eaac0,0x00000007ea580000)
  from space 24576K, 46% used [0x00000007ea580000,0x00000007eb08c960,0x00000007ebd80000)
  to   space 23040K, 0% used [0x00000007ebd80000,0x00000007ebd80000,0x00000007ed400000)
 ParOldGen       total 182784K, used 120159K [0x0000000780000000, 0x000000078b280000, 0x00000007d5500000)
  object space 182784K, 65% used [0x0000000780000000,0x0000000787557d00,0x000000078b280000)
 PSPermGen       total 53760K, used 35587K [0x000000077ae00000, 0x000000077e280000, 0x0000000780000000)
  object space 53760K, 66% used [0x000000077ae00000,0x000000077d0c0d48,0x000000077e280000)

Card table byte_map: [0x0000000005470000,0x00000000058a0000] byte_map_base: 0x0000000001899000

Polling page: 0x0000000000a20000

Code Cache  [0x0000000002470000, 0x0000000002870000, 0x0000000005470000)
 total_blobs=1687 nmethods=1001 adapters=646 free_code_cache=45153Kb largest_free_block=46166976

Compilation events (10 events):
Event: 24.638 Thread 0x000000000a822000 1129             javax.imageio.stream.ImageInputStreamImpl::setBitOffset (30 bytes)
Event: 24.638 Thread 0x000000000a822000 nmethod 1129 0x000000000283a590 code [0x000000000283a6c0, 0x000000000283a758]
Event: 24.638 Thread 0x000000000a822000 1130             javax.imageio.spi.PartialOrderIterator::<init> (86 bytes)
Event: 24.643 Thread 0x000000000a824800 nmethod 1128 0x000000000283a890 code [0x000000000283aa20, 0x000000000283b678]
Event: 24.643 Thread 0x000000000a824800 1131             javax.imageio.stream.ImageInputStreamImpl::readFully (73 bytes)
Event: 24.650 Thread 0x000000000a824800 nmethod 1131 0x00000000028356d0 code [0x0000000002835840, 0x0000000002835bd8]
Event: 24.651 Thread 0x000000000a822000 nmethod 1130 0x0000000002836b90 code [0x0000000002836d40, 0x00000000028373e8]
Event: 24.697 Thread 0x000000000a824800 1132             javax.imageio.stream.ImageInputStreamImpl::readInt (141 bytes)
Event: 24.701 Thread 0x000000000a824800 nmethod 1132 0x0000000002836390 code [0x0000000002836500, 0x00000000028367f8]
Event: 24.718 Thread 0x000000000a822000 1133             org.objectweb.asm.signature.SignatureReader::accept (250 bytes)

GC Heap History (10 events):
Event: 15.725 GC heap before
{Heap before GC invocations=12 (full 0):
 PSYoungGen      total 239616K, used 224515K [0x00000007d5500000, 0x00000007ed400000, 0x0000000800000000)
  eden space 216064K, 100% used [0x00000007d5500000,0x00000007e2800000,0x00000007e2800000)
  from space 23552K, 35% used [0x00000007e2800000,0x00000007e3040e30,0x00000007e3f00000)
  to   space 23040K, 0% used [0x00000007ebd80000,0x00000007ebd80000,0x00000007ed400000)
 ParOldGen       total 87040K, used 60114K [0x0000000780000000, 0x0000000785500000, 0x00000007d5500000)
  object space 87040K, 69% used [0x0000000780000000,0x0000000783ab4bb8,0x0000000785500000)
 PSPermGen       total 26112K, used 25967K [0x000000077ae00000, 0x000000077c780000, 0x0000000780000000)
  object space 26112K, 99% used [0x000000077ae00000,0x000000077c75bda0,0x000000077c780000)
Event: 15.758 GC heap after
Heap after GC invocations=12 (full 0):
 PSYoungGen      total 367616K, used 18672K [0x00000007d5500000, 0x00000007ed700000, 0x0000000800000000)
  eden space 344576K, 0% used [0x00000007d5500000,0x00000007d5500000,0x00000007ea580000)
  from space 23040K, 81% used [0x00000007ebd80000,0x00000007ecfbc298,0x00000007ed400000)
  to   space 24576K, 0% used [0x00000007ea580000,0x00000007ea580000,0x00000007ebd80000)
 ParOldGen       total 87040K, used 66265K [0x0000000780000000, 0x0000000785500000, 0x00000007d5500000)
  object space 87040K, 76% used [0x0000000780000000,0x00000007840b6770,0x0000000785500000)
 PSPermGen       total 26112K, used 25967K [0x000000077ae00000, 0x000000077c780000, 0x0000000780000000)
  object space 26112K, 99% used [0x000000077ae00000,0x000000077c75bda0,0x000000077c780000)
}
Event: 18.157 GC heap before
{Heap before GC invocations=13 (full 0):
 PSYoungGen      total 367616K, used 363248K [0x00000007d5500000, 0x00000007ed700000, 0x0000000800000000)
  eden space 344576K, 100% used [0x00000007d5500000,0x00000007ea580000,0x00000007ea580000)
  from space 23040K, 81% used [0x00000007ebd80000,0x00000007ecfbc298,0x00000007ed400000)
  to   space 24576K, 0% used [0x00000007ea580000,0x00000007ea580000,0x00000007ebd80000)
 ParOldGen       total 87040K, used 66265K [0x0000000780000000, 0x0000000785500000, 0x00000007d5500000)
  object space 87040K, 76% used [0x0000000780000000,0x00000007840b6770,0x0000000785500000)
 PSPermGen       total 27136K, used 26657K [0x000000077ae00000, 0x000000077c880000, 0x0000000780000000)
  object space 27136K, 98% used [0x000000077ae00000,0x000000077c808668,0x000000077c880000)
Event: 18.261 GC heap after
Heap after GC invocations=13 (full 0):
 PSYoungGen      total 369152K, used 24557K [0x00000007d5500000, 0x00000007ed700000, 0x0000000800000000)
  eden space 344576K, 0% used [0x00000007d5500000,0x00000007d5500000,0x00000007ea580000)
  from space 24576K, 99% used [0x00000007ea580000,0x00000007ebd7b6b8,0x00000007ebd80000)
  to   space 23040K, 0% used [0x00000007ebd80000,0x00000007ebd80000,0x00000007ed400000)
 ParOldGen       total 107008K, used 106851K [0x0000000780000000, 0x0000000786880000, 0x00000007d5500000)
  object space 107008K, 99% used [0x0000000780000000,0x0000000786858f30,0x0000000786880000)
 PSPermGen       total 27136K, used 26657K [0x000000077ae00000, 0x000000077c880000, 0x0000000780000000)
  object space 27136K, 98% used [0x000000077ae00000,0x000000077c808668,0x000000077c880000)
}
Event: 18.261 GC heap before
{Heap before GC invocations=14 (full 1):
 PSYoungGen      total 369152K, used 24557K [0x00000007d5500000, 0x00000007ed700000, 0x0000000800000000)
  eden space 344576K, 0% used [0x00000007d5500000,0x00000007d5500000,0x00000007ea580000)
  from space 24576K, 99% used [0x00000007ea580000,0x00000007ebd7b6b8,0x00000007ebd80000)
  to   space 23040K, 0% used [0x00000007ebd80000,0x00000007ebd80000,0x00000007ed400000)
 ParOldGen       total 107008K, used 106851K [0x0000000780000000, 0x0000000786880000, 0x00000007d5500000)
  object space 107008K, 99% used [0x0000000780000000,0x0000000786858f30,0x0000000786880000)
 PSPermGen       total 27136K, used 26657K [0x000000077ae00000, 0x000000077c880000, 0x0000000780000000)
  object space 27136K, 98% used [0x000000077ae00000,0x000000077c808668,0x000000077c880000)
Event: 18.688 GC heap after
Heap after GC invocations=14 (full 1):
 PSYoungGen      total 369152K, used 13428K [0x00000007d5500000, 0x00000007ed700000, 0x0000000800000000)
  eden space 344576K, 0% used [0x00000007d5500000,0x00000007d5500000,0x00000007ea580000)
  from space 24576K, 54% used [0x00000007ea580000,0x00000007eb29d1f8,0x00000007ebd80000)
  to   space 23040K, 0% used [0x00000007ebd80000,0x00000007ebd80000,0x00000007ed400000)
 ParOldGen       total 182784K, used 106799K [0x0000000780000000, 0x000000078b280000, 0x00000007d5500000)
  object space 182784K, 58% used [0x0000000780000000,0x000000078684bef0,0x000000078b280000)
 PSPermGen       total 53760K, used 26646K [0x000000077ae00000, 0x000000077e280000, 0x0000000780000000)
  object space 53760K, 49% used [0x000000077ae00000,0x000000077c8058e0,0x000000077e280000)
}
Event: 21.424 GC heap before
{Heap before GC invocations=15 (full 1):
 PSYoungGen      total 369152K, used 358004K [0x00000007d5500000, 0x00000007ed700000, 0x0000000800000000)
  eden space 344576K, 100% used [0x00000007d5500000,0x00000007ea580000,0x00000007ea580000)
  from space 24576K, 54% used [0x00000007ea580000,0x00000007eb29d1f8,0x00000007ebd80000)
  to   space 23040K, 0% used [0x00000007ebd80000,0x00000007ebd80000,0x00000007ed400000)
 ParOldGen       total 182784K, used 106799K [0x0000000780000000, 0x000000078b280000, 0x00000007d5500000)
  object space 182784K, 58% used [0x0000000780000000,0x000000078684bef0,0x000000078b280000)
 PSPermGen       total 53760K, used 30899K [0x000000077ae00000, 0x000000077e280000, 0x0000000780000000)
  object space 53760K, 57% used [0x000000077ae00000,0x000000077cc2ced8,0x000000077e280000)
Event: 21.451 GC heap after
Heap after GC invocations=15 (full 1):
 PSYoungGen      total 367616K, used 11863K [0x00000007d5500000, 0x00000007ed700000, 0x0000000800000000)
  eden space 344576K, 0% used [0x00000007d5500000,0x00000007d5500000,0x00000007ea580000)
  from space 23040K, 51% used [0x00000007ebd80000,0x00000007ec915fd0,0x00000007ed400000)
  to   space 24576K, 0% used [0x00000007ea580000,0x00000007ea580000,0x00000007ebd80000)
 ParOldGen       total 182784K, used 112735K [0x0000000780000000, 0x000000078b280000, 0x00000007d5500000)
  object space 182784K, 61% used [0x0000000780000000,0x0000000786e17dd0,0x000000078b280000)
 PSPermGen       total 53760K, used 30899K [0x000000077ae00000, 0x000000077e280000, 0x0000000780000000)
  object space 53760K, 57% used [0x000000077ae00000,0x000000077cc2ced8,0x000000077e280000)
}
Event: 24.135 GC heap before
{Heap before GC invocations=16 (full 1):
 PSYoungGen      total 367616K, used 356439K [0x00000007d5500000, 0x00000007ed700000, 0x0000000800000000)
  eden space 344576K, 100% used [0x00000007d5500000,0x00000007ea580000,0x00000007ea580000)
  from space 23040K, 51% used [0x00000007ebd80000,0x00000007ec915fd0,0x00000007ed400000)
  to   space 24576K, 0% used [0x00000007ea580000,0x00000007ea580000,0x00000007ebd80000)
 ParOldGen       total 182784K, used 112735K [0x0000000780000000, 0x000000078b280000, 0x00000007d5500000)
  object space 182784K, 61% used [0x0000000780000000,0x0000000786e17dd0,0x000000078b280000)
 PSPermGen       total 53760K, used 34326K [0x000000077ae00000, 0x000000077e280000, 0x0000000780000000)
  object space 53760K, 63% used [0x000000077ae00000,0x000000077cf85970,0x000000077e280000)
Event: 24.153 GC heap after
Heap after GC invocations=16 (full 1):
 PSYoungGen      total 369152K, used 11314K [0x00000007d5500000, 0x00000007ed700000, 0x0000000800000000)
  eden space 344576K, 0% used [0x00000007d5500000,0x00000007d5500000,0x00000007ea580000)
  from space 24576K, 46% used [0x00000007ea580000,0x00000007eb08c960,0x00000007ebd80000)
  to   space 23040K, 0% used [0x00000007ebd80000,0x00000007ebd80000,0x00000007ed400000)
 ParOldGen       total 182784K, used 120159K [0x0000000780000000, 0x000000078b280000, 0x00000007d5500000)
  object space 182784K, 65% used [0x0000000780000000,0x0000000787557d00,0x000000078b280000)
 PSPermGen       total 53760K, used 34326K [0x000000077ae00000, 0x000000077e280000, 0x0000000780000000)
  object space 53760K, 63% used [0x000000077ae00000,0x000000077cf85970,0x000000077e280000)
}

Deoptimization events (10 events):
Event: 23.585 Thread 0x0000000013fc3000 Uncommon trap: reason=bimorphic action=maybe_recompile pc=0x00000000026b4554 method=java.net.URL.openConnection()Ljava/net/URLConnection; @ 5
Event: 23.589 Thread 0x000000000d442000 Uncommon trap: reason=bimorphic action=maybe_recompile pc=0x00000000026b4554 method=java.net.URL.openConnection()Ljava/net/URLConnection; @ 5
Event: 23.710 Thread 0x0000000002376000 Uncommon trap: reason=range_check action=none pc=0x00000000024f4624 method=sun.reflect.generics.parser.SignatureParser.current()C @ 34
Event: 23.970 Thread 0x0000000002376000 Uncommon trap: reason=range_check action=none pc=0x00000000024f4624 method=sun.reflect.generics.parser.SignatureParser.current()C @ 34
Event: 23.988 Thread 0x0000000002376000 Uncommon trap: reason=range_check action=none pc=0x00000000024f4624 method=sun.reflect.generics.parser.SignatureParser.current()C @ 34
Event: 24.423 Thread 0x0000000002376000 Uncommon trap: reason=unreached action=reinterpret pc=0x00000000027df024 method=net.minecraft.client.resources.Locale.checkUnicode()V @ 30
Event: 24.570 Thread 0x000000000e2a5000 Uncommon trap: reason=class_check action=maybe_recompile pc=0x0000000002562b1c method=org.objectweb.asm.commons.LocalVariablesSorter.visitFrame(II[Ljava/lang/Object;I[Ljava/lang/Object;)V @ 189
Event: 24.570 Thread 0x000000000e2a5000 Uncommon trap: reason=class_check action=maybe_recompile pc=0x0000000002562b1c method=org.objectweb.asm.commons.LocalVariablesSorter.visitFrame(II[Ljava/lang/Object;I[Ljava/lang/Object;)V @ 189
Event: 24.570 Thread 0x000000000e2a5000 Uncommon trap: reason=class_check action=maybe_recompile pc=0x0000000002562b1c method=org.objectweb.asm.commons.LocalVariablesSorter.visitFrame(II[Ljava/lang/Object;I[Ljava/lang/Object;)V @ 189
Event: 24.570 Thread 0x000000000e2a5000 Uncommon trap: reason=class_check action=maybe_recompile pc=0x0000000002562b1c method=org.objectweb.asm.commons.LocalVariablesSorter.visitFrame(II[Ljava/lang/Object;I[Ljava/lang/Object;)V @ 189

Internal exceptions (10 events):
Event: 22.820 Thread 0x0000000002376000 Threw 0x00000007e390d9c0 at C:\re\jdk7u55\869\hotspot\src\share\vm\prims\jvm.cpp:1244
Event: 22.823 Thread 0x0000000002376000 Threw 0x00000007e3922388 at C:\re\jdk7u55\869\hotspot\src\share\vm\prims\jvm.cpp:1244
Event: 22.825 Thread 0x0000000002376000 Threw 0x00000007e392e198 at C:\re\jdk7u55\869\hotspot\src\share\vm\prims\jvm.cpp:1244
Event: 23.339 Thread 0x0000000002376000 Threw 0x00000007e47f4cb8 at C:\re\jdk7u55\869\hotspot\src\share\vm\prims\jvm.cpp:1244
Event: 23.710 Thread 0x0000000002376000 Threw 0x00000007e6ba74f8 at C:\re\jdk7u55\869\hotspot\src\share\vm\interpreter\interpreterRuntime.cpp:347
Event: 23.855 Thread 0x0000000002376000 Threw 0x00000007e7b5ab78 at C:\re\jdk7u55\869\hotspot\src\share\vm\prims\jvm.cpp:1244
Event: 23.856 Thread 0x0000000002376000 Threw 0x00000007e7b6df50 at C:\re\jdk7u55\869\hotspot\src\share\vm\prims\jvm.cpp:1244
Event: 23.857 Thread 0x0000000002376000 Threw 0x00000007e7b79860 at C:\re\jdk7u55\869\hotspot\src\share\vm\prims\jvm.cpp:1244
Event: 23.970 Thread 0x0000000002376000 Threw 0x00000007e8a05860 at C:\re\jdk7u55\869\hotspot\src\share\vm\interpreter\interpreterRuntime.cpp:347
Event: 23.988 Thread 0x0000000002376000 Threw 0x00000007e8ba04f8 at C:\re\jdk7u55\869\hotspot\src\share\vm\interpreter\interpreterRuntime.cpp:347

Events (10 events):
Event: 24.716 loading class 0x00000000145aadc0
Event: 24.716 loading class 0x00000000145aadc0 done
Event: 24.717 loading class 0x000000000e233b90
Event: 24.717 loading class 0x000000000e233b90 done
Event: 24.724 loading class 0x00000000145aa9c0
Event: 24.724 loading class 0x00000000145aa9c0 done
Event: 24.724 loading class 0x00000000145ab180
Event: 24.725 loading class 0x00000000145ab180 done
Event: 24.726 loading class 0x00000000145aa740
Event: 24.726 loading class 0x00000000145aa740 done


Dynamic libraries:
0x00007ff78c7e0000 - 0x00007ff78c813000 	C:\Program Files\Java\jre7\bin\javaw.exe
0x00007ff9fe380000 - 0x00007ff9fe52a000 	C:\Windows\SYSTEM32\ntdll.dll
0x00007ff9fb550000 - 0x00007ff9fb68a000 	C:\Windows\system32\KERNEL32.DLL
0x00007ff9fa9e0000 - 0x00007ff9faaef000 	C:\Windows\system32\KERNELBASE.dll
0x00007ff9f9360000 - 0x00007ff9f93e8000 	C:\Windows\system32\apphelp.dll
0x00007ff9edaa0000 - 0x00007ff9edaef000 	C:\Windows\AppPatch\AppPatch64\AcGenral.DLL
0x00007ff9fade0000 - 0x00007ff9fae87000 	C:\Windows\system32\msvcrt.dll
0x00007ff9fa570000 - 0x00007ff9fa59b000 	C:\Windows\SYSTEM32\SspiCli.dll
0x00007ff9fd000000 - 0x00007ff9fd051000 	C:\Windows\system32\SHLWAPI.dll
0x00007ff9faf50000 - 0x00007ff9fb0c1000 	C:\Windows\system32\USER32.dll
0x00007ff9fd180000 - 0x00007ff9fd2f8000 	C:\Windows\system32\ole32.dll
0x00007ff9fbb10000 - 0x00007ff9fcf30000 	C:\Windows\system32\SHELL32.dll
0x00007ff9f9d40000 - 0x00007ff9f9d5e000 	C:\Windows\SYSTEM32\USERENV.dll
0x00007ff9fcf50000 - 0x00007ff9fcff5000 	C:\Windows\system32\ADVAPI32.dll
0x00007ff9f1710000 - 0x00007ff9f172b000 	C:\Windows\SYSTEM32\MPR.dll
0x00007ff9fb9c0000 - 0x00007ff9fbaf7000 	C:\Windows\system32\RPCRT4.dll
0x00007ff9fd0c0000 - 0x00007ff9fd117000 	C:\Windows\SYSTEM32\sechost.dll
0x00007ff9fb370000 - 0x00007ff9fb546000 	C:\Windows\SYSTEM32\combase.dll
0x00007ff9fb170000 - 0x00007ff9fb2b4000 	C:\Windows\system32\GDI32.dll
0x00007ff9fa730000 - 0x00007ff9fa744000 	C:\Windows\SYSTEM32\profapi.dll
0x00007ff9f9000000 - 0x00007ff9f909f000 	C:\Windows\SYSTEM32\SHCORE.dll
0x00007ff9fb2d0000 - 0x00007ff9fb304000 	C:\Windows\system32\IMM32.DLL
0x00007ff9fb690000 - 0x00007ff9fb7c9000 	C:\Windows\system32\MSCTF.dll
0x00007ff9f8580000 - 0x00007ff9f87da000 	C:\Windows\WinSxS\amd64_microsoft.windows.common-controls_6595b64144ccf1df_6.0.9600.17031_none_6242a4b3ecbb55a1\COMCTL32.dll
0x0000000053e60000 - 0x0000000053f32000 	C:\Program Files\Java\jre7\bin\msvcr100.dll
0x0000000052b60000 - 0x0000000053329000 	C:\Program Files\Java\jre7\bin\server\jvm.dll
0x00007ff9f2eb0000 - 0x00007ff9f2eb9000 	C:\Windows\SYSTEM32\WSOCK32.dll
0x00007ff9f1520000 - 0x00007ff9f153f000 	C:\Windows\SYSTEM32\WINMM.dll
0x00007ff9fb2c0000 - 0x00007ff9fb2c7000 	C:\Windows\system32\PSAPI.DLL
0x00007ff9fb310000 - 0x00007ff9fb368000 	C:\Windows\system32\WS2_32.dll
0x00007ff9f14e0000 - 0x00007ff9f150a000 	C:\Windows\SYSTEM32\WINMMBASE.dll
0x00007ff9fb9b0000 - 0x00007ff9fb9b9000 	C:\Windows\system32\NSI.dll
0x00007ff9faaf0000 - 0x00007ff9fab3a000 	C:\Windows\SYSTEM32\cfgmgr32.dll
0x00007ff9f95e0000 - 0x00007ff9f9606000 	C:\Windows\SYSTEM32\DEVOBJ.dll
0x0000000053e50000 - 0x0000000053e5f000 	C:\Program Files\Java\jre7\bin\verify.dll
0x0000000053e20000 - 0x0000000053e48000 	C:\Program Files\Java\jre7\bin\java.dll
0x0000000053c40000 - 0x0000000053c75000 	C:\Program Files\Java\jre7\bin\jdwp.dll
0x0000000053c30000 - 0x0000000053c38000 	C:\Program Files\Java\jre7\bin\npt.dll
0x0000000053e00000 - 0x0000000053e15000 	C:\Program Files\Java\jre7\bin\zip.dll
0x0000000053c20000 - 0x0000000053c29000 	C:\Program Files\Java\jre7\bin\dt_socket.dll
0x00007ff9f1fe0000 - 0x00007ff9f1ff4000 	C:\Windows\system32\napinsp.dll
0x00007ff9f2000000 - 0x00007ff9f2019000 	C:\Windows\system32\pnrpnsp.dll
0x00007ff9f7420000 - 0x00007ff9f7439000 	C:\Windows\system32\NLAapi.dll
0x00007ff9f9f90000 - 0x00007ff9f9fe8000 	C:\Windows\System32\mswsock.dll
0x00007ff9f9da0000 - 0x00007ff9f9e43000 	C:\Windows\SYSTEM32\DNSAPI.dll
0x00007ff9f2080000 - 0x00007ff9f208c000 	C:\Windows\System32\winrnr.dll
0x0000000054100000 - 0x0000000054135000 	C:\Program Files\Bonjour\mdnsNSP.dll
0x00007ff9f7b50000 - 0x00007ff9f7b79000 	C:\Windows\SYSTEM32\Iphlpapi.DLL
0x00007ff9f7fb0000 - 0x00007ff9f7fba000 	C:\Windows\SYSTEM32\WINNSI.DLL
0x00007ff9f61a0000 - 0x00007ff9f6208000 	C:\Windows\System32\fwpuclnt.dll
0x00007ff9f3720000 - 0x00007ff9f3729000 	C:\Windows\System32\rasadhlp.dll
0x0000000053c10000 - 0x0000000053c1b000 	C:\Program Files\Java\jre7\bin\management.dll
0x0000000053de0000 - 0x0000000053df9000 	C:\Program Files\Java\jre7\bin\net.dll
0x0000000053dc0000 - 0x0000000053dd1000 	C:\Program Files\Java\jre7\bin\nio.dll
0x00000000529c0000 - 0x0000000052b55000 	C:\Program Files\Java\jre7\bin\awt.dll
0x00007ff9fd300000 - 0x00007ff9fd3b7000 	C:\Windows\system32\OLEAUT32.dll
0x00007ff9f9480000 - 0x00007ff9f95a1000 	C:\Windows\system32\uxtheme.dll
0x00007ff9e6640000 - 0x00007ff9e6651000 	D:\Program Files (x86)\Dexpot\hooxpot64.dll
0x00007ff9dd520000 - 0x00007ff9dd545000 	C:\Program Files (x86)\Raptr\ltc_help64-86352.dll
0x00007ff9fab40000 - 0x00007ff9fab8c000 	C:\Windows\system32\WINTRUST.dll
0x00007ff9fa800000 - 0x00007ff9fa9d7000 	C:\Windows\system32\CRYPT32.dll
0x00007ff9fa7e0000 - 0x00007ff9fa7f2000 	C:\Windows\system32\MSASN1.dll
0x00007ff9f8c20000 - 0x00007ff9f8c40000 	C:\Windows\system32\dwmapi.dll
0x00007ff9f95d0000 - 0x00007ff9f95da000 	C:\Windows\SYSTEM32\kernel.appcore.dll
0x00007ff9fa600000 - 0x00007ff9fa60a000 	C:\Windows\SYSTEM32\CRYPTBASE.dll
0x00007ff9fa5a0000 - 0x00007ff9fa600000 	C:\Windows\SYSTEM32\bcryptPrimitives.dll
0x0000000053bc0000 - 0x0000000053c07000 	C:\Program Files\Java\jre7\bin\fontmanager.dll
0x00007ff9dc880000 - 0x00007ff9dca88000 	C:\Windows\system32\d3d9.dll
0x00007ff9f8200000 - 0x00007ff9f820a000 	C:\Windows\SYSTEM32\VERSION.dll
0x00007ff9f8210000 - 0x00007ff9f835b000 	C:\Windows\SYSTEM32\aticfx64.dll
0x00007ff9dc850000 - 0x00007ff9dc871000 	C:\Windows\SYSTEM32\atiu9p64.dll
0x00007ff9d8210000 - 0x00007ff9d89b1000 	C:\Windows\SYSTEM32\atiumd64.dll
0x0000000053330000 - 0x0000000053a67000 	C:\Windows\SYSTEM32\atiumd6a.dll
0x0000000053b70000 - 0x0000000053bb1000 	C:\Program Files\Java\jre7\bin\t2k.dll
0x0000000180000000 - 0x0000000180051000 	D:\Programming\Java\Minecraft\1.7.10\Forge\build\natives\lwjgl64.dll
0x00007ff9d8fe0000 - 0x00007ff9d9101000 	C:\Windows\SYSTEM32\OPENGL32.dll
0x00007ff9e62d0000 - 0x00007ff9e62fc000 	C:\Windows\SYSTEM32\GLU32.dll
0x00007ff9dd570000 - 0x00007ff9dd664000 	C:\Windows\SYSTEM32\DDRAW.dll
0x00007ff9dd560000 - 0x00007ff9dd569000 	C:\Windows\SYSTEM32\DCIMAN32.dll
0x00007ff9f9ff0000 - 0x00007ff9fa00e000 	C:\Windows\SYSTEM32\CRYPTSP.dll
0x00007ff9f9c30000 - 0x00007ff9f9c65000 	C:\Windows\system32\rsaenh.dll
0x00007ff9fa280000 - 0x00007ff9fa2a6000 	C:\Windows\SYSTEM32\bcrypt.dll
0x00007ff9f6180000 - 0x00007ff9f6194000 	C:\Windows\SYSTEM32\dhcpcsvc6.DLL
0x00007ff9f6080000 - 0x00007ff9f6099000 	C:\Windows\SYSTEM32\dhcpcsvc.DLL
0x00007ff9e8460000 - 0x00007ff9e8478000 	C:\Windows\SYSTEM32\atig6pxx.dll
0x0000000050e80000 - 0x00000000529c0000 	C:\Windows\SYSTEM32\atio6axx.dll
0x00007ff9fb7d0000 - 0x00007ff9fb9a4000 	C:\Windows\system32\SETUPAPI.dll
0x00007ff9f6730000 - 0x00007ff9f685f000 	C:\Windows\SYSTEM32\atiadlxx.dll
0x00007ff9f65c0000 - 0x00007ff9f6725000 	C:\Windows\SYSTEM32\PROPSYS.dll
0x00007ff9f8ba0000 - 0x00007ff9f8bb1000 	C:\Windows\SYSTEM32\WTSAPI32.dll
0x00007ff9e5b50000 - 0x00007ff9e5b79000 	C:\Windows\SYSTEM32\atig6txx.dll
0x00007ff9d8f50000 - 0x00007ff9d8fdd000 	C:\Windows\SYSTEM32\mscms.dll
0x00007ff9dd430000 - 0x00007ff9dd471000 	C:\Windows\SYSTEM32\icm32.dll
0x0000000070a40000 - 0x0000000070adc000 	D:\Programming\Java\Minecraft\1.7.10\Forge\build\natives\avutil-ttv-51.dll
0x0000000065980000 - 0x00000000659d6000 	D:\Programming\Java\Minecraft\1.7.10\Forge\build\natives\swresample-ttv-0.dll
0x000000006eb80000 - 0x000000006ec50000 	D:\Programming\Java\Minecraft\1.7.10\Forge\build\natives\libmp3lame-ttv.dll
0x00007ff9d1420000 - 0x00007ff9d27c4000 	D:\Programming\Java\Minecraft\1.7.10\Forge\build\natives\libmfxsw64.dll
0x00007ff9d6900000 - 0x00007ff9d6a2b000 	D:\Programming\Java\Minecraft\1.7.10\Forge\build\natives\twitchsdk.dll
0x00007ff9f4530000 - 0x00007ff9f4761000 	C:\Windows\SYSTEM32\WININET.dll
0x00007ff9f4770000 - 0x00007ff9f4a1b000 	C:\Windows\SYSTEM32\iertutil.dll
0x000000000f210000 - 0x000000000f274000 	D:\Programming\Java\Minecraft\1.7.10\Forge\build\natives\OpenAL64.dll
0x00007ff9fae90000 - 0x00007ff9faf34000 	C:\Windows\SYSTEM32\clbcatq.dll
0x00007ff9f7480000 - 0x00007ff9f74e2000 	C:\Windows\System32\MMDevApi.dll
0x00007ff9e6770000 - 0x00007ff9e67f7000 	C:\Windows\SYSTEM32\dsound.dll
0x00007ff9fa6d0000 - 0x00007ff9fa715000 	C:\Windows\SYSTEM32\POWRPROF.dll
0x00007ff9ef540000 - 0x00007ff9ef5b6000 	C:\Windows\SYSTEM32\AUDIOSES.DLL

VM Arguments:
jvm_args: -agentlib:jdwp=transport=dt_socket,suspend=y,address=localhost:59525 -Dfml.ignoreInvalidMinecraftCertificates=true -Djava.library.path=D:\Programming\Java\Minecraft\1.7.10\Forge\build\natives;D:\Programming\Java\Minecraft\1.7.10\Forge\build\natives;D:\Programming\Java\Minecraft\1.7.10\Forge\build\natives;D:\Programming\Java\Minecraft\1.7.10\Forge\build\natives;D:\Programming\Java\Minecraft\1.7.10\Forge\build\natives;D:\Programming\Java\Minecraft\1.7.10\Forge\build\natives;D:\Programming\Java\Minecraft\1.7.10\Forge\build\natives;D:\Programming\Java\Minecraft\1.7.10\Forge\build\natives;D:\Programming\Java\Minecraft\1.7.10\Forge\build\natives;D:\Programming\Java\Minecraft\1.7.10\Forge\build\natives -Dfile.encoding=Cp1252 
java_command: net.minecraft.launchwrapper.Launch --version 1.7.10 --tweakClass cpw.mods.fml.common.launcher.FMLTweaker --accessToken Roboguy99 --userProperties {}
Launcher Type: SUN_STANDARD

Environment Variables:
JAVA_HOME=C:\Program Files\Java\jdk1.7.0_55
PATH=C:\Program Files (x86)\NVIDIA Corporation\PhysX\Common;C:\windows\system32;C:\windows;C:\windows\System32\Wbem;C:\windows\System32\WindowsPowerShell\v1.0\;C:\Program Files (x86)\ATI Technologies\ATI.ACE\Core-Static;C:\Users\Jake\AppData\Local\Smartbar\Application\;C:\Windows\system32;C:\Windows;C:\Windows\System32\Wbem;C:\Windows\System32\WindowsPowerShell\v1.0\;C:\Program Files (x86)\Git\cmd;C:\Program Files (x86)\proeWildfire 4.0\bin;C:\Program Files (x86)\proeWildfire 4.0\mech\bin;C:\Program Files\Java\jre7\bin;C:\Program Files (x86)\Java\jdk1.7.0_55\bin;C:\Program Files (x86)\AOMEI Backupper Professional Edition 2.0;D:\xampp\php;D:\Program Files (x86)\QuickTime\QTSystem\;;C:\SocketeQ\windowsandroid_root\system\bin;C:\SocketeQ\windowsandroid_root\system\lib
USERNAME=Jake
OS=Windows_NT
PROCESSOR_IDENTIFIER=AMD64 Family 21 Model 1 Stepping 2, AuthenticAMD



---------------  S Y S T E M  ---------------

OS: Windows 8.1 , 64 bit Build 9600 

CPU:total 4 (4 cores per cpu, 1 threads per core) family 21 model 1 stepping 2, cmov, cx8, fxsr, mmx, sse, sse2, sse3, ssse3, sse4.1, sse4.2, popcnt, avx, aes, mmxext, 3dnowpref, lzcnt, sse4a, tsc, tscinvbit, tscinv

Memory: 4k page, physical 8386100k(1204492k free), swap 9434676k(5156k free)

vm_info: Java HotSpot(TM) 64-Bit Server VM (24.55-b03) for windows-amd64 JRE (1.7.0_55-b13), built on Mar 17 2014 19:45:30 by "java_re" with unknown MS VC++:1600

time: Sat Aug 30 14:07:10 2014
elapsed time: 24 seconds

