#
# A fatal error has been detected by the Java Runtime Environment:
#
#  EXCEPTION_ACCESS_VIOLATION (0xc0000005) at pc=0x0000000010961066, pid=8908, tid=11224
#
# JRE version: Java(TM) SE Runtime Environment (7.0_55-b13) (build 1.7.0_55-b13)
# Java VM: Java HotSpot(TM) 64-Bit Server VM (24.55-b03 mixed mode windows-amd64 compressed oops)
# Problematic frame:
# C  [OpenAL64.dll+0x11066]
#
# Failed to write core dump. Minidumps are not enabled by default on client versions of Windows
#
# If you would like to submit a bug report, please visit:
#   http://bugreport.sun.com/bugreport/crash.jsp
# The crash happened outside the Java Virtual Machine in native code.
# See problematic frame for where to report the bug.
#

---------------  T H R E A D  ---------------

Current thread (0x000000000e905000):  JavaThread "" daemon [_thread_in_native, id=11224, stack(0x0000000016180000,0x0000000016280000)]

siginfo: ExceptionCode=0xc0000005, reading address 0x000000000ff19004

Registers:
RAX=0x0000000000000004, RBX=0x0000000018c90090, RCX=0x000000000ff19008, RDX=0x000000000ff19004
RSP=0x000000001627ecb0, RBP=0x00000000000000ff, RSI=0x000000000ff1097c, RDI=0x0000000000000000
R8 =0x00000000000021a2, R9 =0x000000000ff1097c, R10=0x00000000020292dd, R11=0x000000006b0afc90
R12=0x0000000000000001, R13=0x000000077c7258b8, R14=0x000000001627ee48, R15=0x000000000e905000
RIP=0x0000000010961066, EFLAGS=0x0000000000010202

Top of Stack: (sp=0x000000001627ecb0)
0x000000001627ecb0:   0000000000000000 0000000000000000
0x000000001627ecc0:   0000000000000000 000000006af6b000
0x000000001627ecd0:   0000000000000000 0000000000000000
0x000000001627ece0:   0000000000000000 000000000e905000
0x000000001627ecf0:   000000001627ee48 000000077c7258b8
0x000000001627ed00:   0000000000000000 000000000e905000
0x000000001627ed10:   00000000ef80a97d 000000001627ee10
0x000000001627ed20:   000000000e905000 000000001627ee48
0x000000001627ed30:   000000077c7258b8 0000000000000000
0x000000001627ed40:   000000000ff1097c 00000000ef80a97d
0x000000001627ed50:   000000001627ee10 000000001096248f
0x000000001627ed60:   0000000018c90090 0000000018c90090
0x000000001627ed70:   000000070000ac44 0000000000000004
0x000000001627ed80:   00000000020162b5 0000000002029309
0x000000001627ed90:   000000077c7258b8 000000077c0d396d
0x000000001627eda0:   000000001627ede0 000000077c0d6c70 

Instructions: (pc=0x0000000010961066)
0x0000000010961046:   41 2b ec 81 3a 03 00 02 00 75 09 8b 01 89 84 24
0x0000000010961056:   c8 00 00 00 49 83 c0 02 48 83 c1 08 4a 8d 14 86
0x0000000010961066:   39 3a 75 af 4c 8d 84 24 c0 00 00 00 48 8d 15 d7
0x0000000010961076:   2b 03 00 33 c9 e8 58 5f 00 00 b8 40 1f 00 00 4c 


Register to memory mapping:

RAX=0x0000000000000004 is an unknown value
RBX=0x0000000018c90090 is an unknown value
RCX=0x000000000ff19008 is an unknown value
RDX=0x000000000ff19004 is an unknown value
RSP=0x000000001627ecb0 is pointing into the stack for thread: 0x000000000e905000
RBP=0x00000000000000ff is an unknown value
RSI=0x000000000ff1097c is an unknown value
RDI=0x0000000000000000 is an unknown value
R8 =0x00000000000021a2 is an unknown value
R9 =0x000000000ff1097c is an unknown value
R10=0x00000000020292dd is at code_begin+1277 in an Interpreter codelet
method entry point (kind = native)  [0x0000000002028de0, 0x0000000002029ca0]  3776 bytes
R11=0x000000006b0afc90 is an unknown value
R12=0x0000000000000001 is an unknown value
R13=0x000000077c7258b8 is an oop
{method} 
 - klass: {other class}
R14=0x000000001627ee48 is pointing into the stack for thread: 0x000000000e905000
R15=0x000000000e905000 is a thread


Stack: [0x0000000016180000,0x0000000016280000],  sp=0x000000001627ecb0,  free space=1019k
Native frames: (J=compiled Java code, j=interpreted, Vv=VM code, C=native code)
C  [OpenAL64.dll+0x11066]

Java frames: (J=compiled Java code, j=interpreted, Vv=VM code)

[error occurred during error reporting (printing Java stack), id 0xc0000005]


---------------  P R O C E S S  ---------------

Java Threads: ( => current thread )
  0x000000000d624800 
[error occurred during error reporting (printing all threads), id 0xc0000005]

VM state:at safepoint (normal execution)

VM Mutex/Monitor currently owned by a thread:  ([mutex/lock_event])
[0x0000000001f11fd0] Threads_lock - owner thread: 0x000000000a3d3800
[0x0000000001f12a50] Heap_lock - owner thread: 0x0000000001f15800

Heap
 PSYoungGen      total 241152K, used 21524K [0x00000007d5500000, 0x00000007edc80000, 0x0000000800000000)
  eden space 206336K, 0% used [0x00000007d5500000,0x00000007d5500000,0x00000007e1e80000)
  from space 34816K, 61% used [0x00000007e1e80000,0x00000007e33853c0,0x00000007e4080000)
  to   space 35328K, 0% used [0x00000007eba00000,0x00000007eba00000,0x00000007edc80000)
 ParOldGen       total 87040K, used 75157K [0x0000000780000000, 0x0000000785500000, 0x00000007d5500000)
  object space 87040K, 86% used [0x0000000780000000,0x0000000784965558,0x0000000785500000)
 PSPermGen       total 26112K, used 25826K [0x000000077ae00000, 0x000000077c780000, 0x0000000780000000)
  object space 26112K, 98% used [0x000000077ae00000,0x000000077c738930,0x000000077c780000)

Card table byte_map: [0x00000000050d0000,0x0000000005500000] byte_map_base: 0x00000000014f9000

Polling page: 0x0000000000470000

Code Cache  [0x0000000002010000, 0x0000000002320000, 0x0000000005010000)
 total_blobs=1227 nmethods=650 adapters=538 free_code_cache=46214Kb largest_free_block=47150912

Compilation events (10 events):
Event: 13.575 Thread 0x000000000a422000  704             net.minecraft.launchwrapper.LaunchClassLoader::runTransformers (257 bytes)
Event: 13.581 Thread 0x000000000a422000 nmethod 704 0x00000000021ee2d0 code [0x00000000021ee440, 0x00000000021ee918]
Event: 13.581 Thread 0x000000000a422000  705 %           org.objectweb.asm.Type::getDescriptor @ 166 (214 bytes)
Event: 13.586 Thread 0x000000000a422000 nmethod 705% 0x00000000021ed990 code [0x00000000021edb00, 0x00000000021edf78]
Event: 13.586 Thread 0x000000000a422000  706             org.objectweb.asm.Type::getDescriptor (214 bytes)
Event: 13.594 Thread 0x000000000a422000 nmethod 706 0x00000000021e8790 code [0x00000000021e8960, 0x00000000021e9010]
Event: 13.619 Thread 0x000000000a422000  707             net.minecraft.client.model.PositionTextureVertex::setTexturePosition (11 bytes)
Event: 13.620 Thread 0x000000000a422000 nmethod 707 0x00000000021f54d0 code [0x00000000021f5620, 0x00000000021f5718]
Event: 13.620 Thread 0x000000000a422000  708             net.minecraft.client.model.PositionTextureVertex::<init> (23 bytes)
Event: 13.621 Thread 0x000000000a422000 nmethod 708 0x00000000021f5210 code [0x00000000021f5340, 0x00000000021f5418]

GC Heap History (10 events):
Event: 6.799 GC heap before
{Heap before GC invocations=6 (full 0):
 PSYoungGen      total 38912K, used 38906K [0x00000007d5500000, 0x00000007db400000, 0x0000000800000000)
  eden space 33792K, 100% used [0x00000007d5500000,0x00000007d7600000,0x00000007d7600000)
  from space 5120K, 99% used [0x00000007d7600000,0x00000007d7afe9e8,0x00000007d7b00000)
  to   space 14848K, 0% used [0x00000007da580000,0x00000007da580000,0x00000007db400000)
 ParOldGen       total 87040K, used 20727K [0x0000000780000000, 0x0000000785500000, 0x00000007d5500000)
  object space 87040K, 23% used [0x0000000780000000,0x000000078143df78,0x0000000785500000)
 PSPermGen       total 21504K, used 15475K [0x000000077ae00000, 0x000000077c300000, 0x0000000780000000)
  object space 21504K, 71% used [0x000000077ae00000,0x000000077bd1cd60,0x000000077c300000)
Event: 6.810 GC heap after
Heap after GC invocations=6 (full 0):
 PSYoungGen      total 81408K, used 7617K [0x00000007d5500000, 0x00000007db300000, 0x0000000800000000)
  eden space 67584K, 0% used [0x00000007d5500000,0x00000007d5500000,0x00000007d9700000)
  from space 13824K, 55% used [0x00000007da580000,0x00000007dacf06d0,0x00000007db300000)
  to   space 14336K, 0% used [0x00000007d9700000,0x00000007d9700000,0x00000007da500000)
 ParOldGen       total 87040K, used 20735K [0x0000000780000000, 0x0000000785500000, 0x00000007d5500000)
  object space 87040K, 23% used [0x0000000780000000,0x000000078143ff78,0x0000000785500000)
 PSPermGen       total 21504K, used 15475K [0x000000077ae00000, 0x000000077c300000, 0x0000000780000000)
  object space 21504K, 71% used [0x000000077ae00000,0x000000077bd1cd60,0x000000077c300000)
}
Event: 7.762 GC heap before
{Heap before GC invocations=7 (full 0):
 PSYoungGen      total 81408K, used 75201K [0x00000007d5500000, 0x00000007db300000, 0x0000000800000000)
  eden space 67584K, 100% used [0x00000007d5500000,0x00000007d9700000,0x00000007d9700000)
  from space 13824K, 55% used [0x00000007da580000,0x00000007dacf06d0,0x00000007db300000)
  to   space 14336K, 0% used [0x00000007d9700000,0x00000007d9700000,0x00000007da500000)
 ParOldGen       total 87040K, used 20735K [0x0000000780000000, 0x0000000785500000, 0x00000007d5500000)
  object space 87040K, 23% used [0x0000000780000000,0x000000078143ff78,0x0000000785500000)
 PSPermGen       total 21504K, used 18243K [0x000000077ae00000, 0x000000077c300000, 0x0000000780000000)
  object space 21504K, 84% used [0x000000077ae00000,0x000000077bfd0f20,0x000000077c300000)
Event: 7.784 GC heap after
Heap after GC invocations=7 (full 0):
 PSYoungGen      total 81920K, used 10236K [0x00000007d5500000, 0x00000007df500000, 0x0000000800000000)
  eden space 67584K, 0% used [0x00000007d5500000,0x00000007d5500000,0x00000007d9700000)
  from space 14336K, 71% used [0x00000007d9700000,0x00000007da0ff178,0x00000007da500000)
  to   space 14336K, 0% used [0x00000007de700000,0x00000007de700000,0x00000007df500000)
 ParOldGen       total 87040K, used 23523K [0x0000000780000000, 0x0000000785500000, 0x00000007d5500000)
  object space 87040K, 27% used [0x0000000780000000,0x00000007816f8f80,0x0000000785500000)
 PSPermGen       total 21504K, used 18243K [0x000000077ae00000, 0x000000077c300000, 0x0000000780000000)
  object space 21504K, 84% used [0x000000077ae00000,0x000000077bfd0f20,0x000000077c300000)
}
Event: 9.340 GC heap before
{Heap before GC invocations=8 (full 0):
 PSYoungGen      total 81920K, used 77820K [0x00000007d5500000, 0x00000007df500000, 0x0000000800000000)
  eden space 67584K, 100% used [0x00000007d5500000,0x00000007d9700000,0x00000007d9700000)
  from space 14336K, 71% used [0x00000007d9700000,0x00000007da0ff178,0x00000007da500000)
  to   space 14336K, 0% used [0x00000007de700000,0x00000007de700000,0x00000007df500000)
 ParOldGen       total 87040K, used 23523K [0x0000000780000000, 0x0000000785500000, 0x00000007d5500000)
  object space 87040K, 27% used [0x0000000780000000,0x00000007816f8f80,0x0000000785500000)
 PSPermGen       total 22016K, used 21975K [0x000000077ae00000, 0x000000077c380000, 0x0000000780000000)
  object space 22016K, 99% used [0x000000077ae00000,0x000000077c375cf0,0x000000077c380000)
Event: 9.356 GC heap after
Heap after GC invocations=8 (full 0):
 PSYoungGen      total 148992K, used 12234K [0x00000007d5500000, 0x00000007df600000, 0x0000000800000000)
  eden space 134656K, 0% used [0x00000007d5500000,0x00000007d5500000,0x00000007dd880000)
  from space 14336K, 85% used [0x00000007de700000,0x00000007df2f2890,0x00000007df500000)
  to   space 14848K, 0% used [0x00000007dd880000,0x00000007dd880000,0x00000007de700000)
 ParOldGen       total 87040K, used 24992K [0x0000000780000000, 0x0000000785500000, 0x00000007d5500000)
  object space 87040K, 28% used [0x0000000780000000,0x0000000781868378,0x0000000785500000)
 PSPermGen       total 22016K, used 21975K [0x000000077ae00000, 0x000000077c380000, 0x0000000780000000)
  object space 22016K, 99% used [0x000000077ae00000,0x000000077c375cf0,0x000000077c380000)
}
Event: 10.914 GC heap before
{Heap before GC invocations=9 (full 0):
 PSYoungGen      total 148992K, used 146890K [0x00000007d5500000, 0x00000007df600000, 0x0000000800000000)
  eden space 134656K, 100% used [0x00000007d5500000,0x00000007dd880000,0x00000007dd880000)
  from space 14336K, 85% used [0x00000007de700000,0x00000007df2f2890,0x00000007df500000)
  to   space 14848K, 0% used [0x00000007dd880000,0x00000007dd880000,0x00000007de700000)
 ParOldGen       total 87040K, used 24992K [0x0000000780000000, 0x0000000785500000, 0x00000007d5500000)
  object space 87040K, 28% used [0x0000000780000000,0x0000000781868378,0x0000000785500000)
 PSPermGen       total 22528K, used 22016K [0x000000077ae00000, 0x000000077c400000, 0x0000000780000000)
  object space 22528K, 97% used [0x000000077ae00000,0x000000077c3800b8,0x000000077c400000)
Event: 10.947 GC heap after
Heap after GC invocations=9 (full 0):
 PSYoungGen      total 149504K, used 14831K [0x00000007d5500000, 0x00000007e5980000, 0x0000000800000000)
  eden space 134656K, 0% used [0x00000007d5500000,0x00000007d5500000,0x00000007dd880000)
  from space 14848K, 99% used [0x00000007dd880000,0x00000007de6fbc20,0x00000007de700000)
  to   space 25600K, 0% used [0x00000007e4080000,0x00000007e4080000,0x00000007e5980000)
 ParOldGen       total 87040K, used 47482K [0x0000000780000000, 0x0000000785500000, 0x00000007d5500000)
  object space 87040K, 54% used [0x0000000780000000,0x0000000782e5e938,0x0000000785500000)
 PSPermGen       total 22528K, used 22016K [0x000000077ae00000, 0x000000077c400000, 0x0000000780000000)
  object space 22528K, 97% used [0x000000077ae00000,0x000000077c3800b8,0x000000077c400000)
}
Event: 11.770 GC heap before
{Heap before GC invocations=10 (full 0):
 PSYoungGen      total 149504K, used 149487K [0x00000007d5500000, 0x00000007e5980000, 0x0000000800000000)
  eden space 134656K, 100% used [0x00000007d5500000,0x00000007dd880000,0x00000007dd880000)
  from space 14848K, 99% used [0x00000007dd880000,0x00000007de6fbc20,0x00000007de700000)
  to   space 25600K, 0% used [0x00000007e4080000,0x00000007e4080000,0x00000007e5980000)
 ParOldGen       total 87040K, used 47482K [0x0000000780000000, 0x0000000785500000, 0x00000007d5500000)
  object space 87040K, 54% used [0x0000000780000000,0x0000000782e5e938,0x0000000785500000)
 PSPermGen       total 22528K, used 22026K [0x000000077ae00000, 0x000000077c400000, 0x0000000780000000)
  object space 22528K, 97% used [0x000000077ae00000,0x000000077c382a60,0x000000077c400000)
Event: 11.806 GC heap after
Heap after GC invocations=10 (full 0):
 PSYoungGen      total 231936K, used 25580K [0x00000007d5500000, 0x00000007e6b80000, 0x0000000800000000)
  eden space 206336K, 0% used [0x00000007d5500000,0x00000007d5500000,0x00000007e1e80000)
  from space 25600K, 99% used [0x00000007e4080000,0x00000007e597b1d0,0x00000007e5980000)
  to   space 34816K, 0% used [0x00000007e1e80000,0x00000007e1e80000,0x00000007e4080000)
 ParOldGen       total 87040K, used 62847K [0x0000000780000000, 0x0000000785500000, 0x00000007d5500000)
  object space 87040K, 72% used [0x0000000780000000,0x0000000783d5fff8,0x0000000785500000)
 PSPermGen       total 22528K, used 22026K [0x000000077ae00000, 0x000000077c400000, 0x0000000780000000)
  object space 22528K, 97% used [0x000000077ae00000,0x000000077c382a60,0x000000077c400000)
}

Deoptimization events (10 events):
Event: 13.047 Thread 0x0000000001f15800 Uncommon trap: reason=unreached action=reinterpret pc=0x000000000216cf54 method=org.objectweb.asm.MethodWriter.visitFieldInsn(ILjava/lang/String;Ljava/lang/String;Ljava/lang/String;)V @ 17
Event: 13.047 Thread 0x0000000001f15800 Uncommon trap: reason=unreached action=reinterpret pc=0x000000000215aa74 method=org.objectweb.asm.MethodWriter.visitInsn(I)V @ 13
Event: 13.048 Thread 0x0000000001f15800 Uncommon trap: reason=unreached action=reinterpret pc=0x000000000224dc8c method=org.objectweb.asm.MethodWriter.visitTypeInsn(ILjava/lang/String;)V @ 13
Event: 13.061 Thread 0x0000000001f15800 Uncommon trap: reason=class_check action=maybe_recompile pc=0x00000000021bc55c method=java.util.regex.Matcher.search(I)Z @ 86
Event: 13.061 Thread 0x0000000001f15800 Uncommon trap: reason=class_check action=maybe_recompile pc=0x00000000021bc55c method=java.util.regex.Matcher.search(I)Z @ 86
Event: 13.140 Thread 0x0000000001f15800 Uncommon trap: reason=bimorphic action=maybe_recompile pc=0x000000000220ea6c method=java.util.zip.InflaterInputStream.read([BII)I @ 100
Event: 13.151 Thread 0x0000000001f15800 Uncommon trap: reason=bimorphic action=maybe_recompile pc=0x000000000220ea6c method=java.util.zip.InflaterInputStream.read([BII)I @ 100
Event: 13.153 Thread 0x0000000001f15800 Uncommon trap: reason=bimorphic action=maybe_recompile pc=0x000000000220ea6c method=java.util.zip.InflaterInputStream.read([BII)I @ 100
Event: 13.153 Thread 0x0000000001f15800 Uncommon trap: reason=bimorphic action=maybe_recompile pc=0x000000000220ea6c method=java.util.zip.InflaterInputStream.read([BII)I @ 100
Event: 13.573 Thread 0x0000000001f15800 Uncommon trap: reason=null_check action=make_not_entrant pc=0x000000000230ab54 method=java.util.jar.Manifest.getAttributes(Ljava/lang/String;)Ljava/util/jar/Attributes; @ 10

Internal exceptions (10 events):
Event: 13.642 Thread 0x000000000e905000 Threw 0x00000007e1b421b8 at C:\re\jdk7u55\869\hotspot\src\share\vm\prims\jvm.cpp:1244
Event: 13.642 Thread 0x000000000e905000 Threw 0x00000007e1b46228 at C:\re\jdk7u55\869\hotspot\src\share\vm\prims\jvm.cpp:1244
Event: 13.642 Thread 0x000000000e905000 Threw 0x00000007e1b47528 at C:\re\jdk7u55\869\hotspot\src\share\vm\prims\jvm.cpp:1244
Event: 13.642 Thread 0x000000000e905000 Threw 0x00000007e1b48900 at C:\re\jdk7u55\869\hotspot\src\share\vm\prims\jvm.cpp:1244
Event: 13.644 Thread 0x000000000e905000 Threw 0x00000007e1b4cc38 at C:\re\jdk7u55\869\hotspot\src\share\vm\prims\jvm.cpp:1244
Event: 13.647 Thread 0x000000000e905000 Threw 0x00000007e1b5a610 at C:\re\jdk7u55\869\hotspot\src\share\vm\prims\jvm.cpp:1244
Event: 13.658 Thread 0x000000000e905000 Threw 0x00000007e1b63c48 at C:\re\jdk7u55\869\hotspot\src\share\vm\prims\jvm.cpp:1244
Event: 13.659 Thread 0x000000000e905000 Threw 0x00000007e1b6a700 at C:\re\jdk7u55\869\hotspot\src\share\vm\prims\jvm.cpp:1244
Event: 13.660 Thread 0x000000000e905000 Threw 0x00000007e1b70fe0 at C:\re\jdk7u55\869\hotspot\src\share\vm\prims\jvm.cpp:1244
Event: 13.662 Thread 0x000000000e905000 Threw 0x00000007e1b774e0 at C:\re\jdk7u55\869\hotspot\src\share\vm\prims\jvm.cpp:1244

Events (10 events):
Event: 13.659 loading class 0x0000000010531130
Event: 13.659 loading class 0x0000000010531130 done
Event: 13.660 loading class 0x000000000cb815e0
Event: 13.660 loading class 0x000000000cb815e0 done
Event: 13.660 loading class 0x000000000ff10ea0
Event: 13.660 loading class 0x000000000ff10ea0 done
Event: 13.662 loading class 0x000000000fe19920
Event: 13.662 loading class 0x000000000fe19920 done
Event: 13.662 loading class 0x000000000fe19860
Event: 13.662 loading class 0x000000000fe19860 done


Dynamic libraries:
0x00007ff635fa0000 - 0x00007ff635fd3000 	C:\Program Files\Java\jre7\bin\javaw.exe
0x00007fffa3d30000 - 0x00007fffa3eda000 	C:\Windows\SYSTEM32\ntdll.dll
0x00007fffa2940000 - 0x00007fffa2a7a000 	C:\Windows\system32\KERNEL32.DLL
0x00007fffa01c0000 - 0x00007fffa02cf000 	C:\Windows\system32\KERNELBASE.dll
0x00007fff9ed00000 - 0x00007fff9ed88000 	C:\Windows\system32\apphelp.dll
0x00007fff86bf0000 - 0x00007fff86c3f000 	C:\Windows\AppPatch\AppPatch64\AcGenral.DLL
0x00007fffa2b30000 - 0x00007fffa2bd7000 	C:\Windows\system32\msvcrt.dll
0x00007fff9ff30000 - 0x00007fff9ff5b000 	C:\Windows\SYSTEM32\SspiCli.dll
0x00007fffa0bd0000 - 0x00007fffa0c21000 	C:\Windows\system32\SHLWAPI.dll
0x00007fffa0e10000 - 0x00007fffa0f81000 	C:\Windows\system32\USER32.dll
0x00007fffa0980000 - 0x00007fffa0af8000 	C:\Windows\system32\ole32.dll
0x00007fffa12b0000 - 0x00007fffa26d0000 	C:\Windows\system32\SHELL32.dll
0x00007fff9f940000 - 0x00007fff9f95e000 	C:\Windows\SYSTEM32\USERENV.dll
0x00007fffa0ff0000 - 0x00007fffa1095000 	C:\Windows\system32\ADVAPI32.dll
0x00007fff9bc90000 - 0x00007fff9bcab000 	C:\Windows\SYSTEM32\MPR.dll
0x00007fffa2be0000 - 0x00007fffa2d16000 	C:\Windows\system32\RPCRT4.dll
0x00007fffa2d20000 - 0x00007fffa2d77000 	C:\Windows\SYSTEM32\sechost.dll
0x00007fffa07a0000 - 0x00007fffa0976000 	C:\Windows\SYSTEM32\combase.dll
0x00007fffa1160000 - 0x00007fffa12a4000 	C:\Windows\system32\GDI32.dll
0x00007fffa00f0000 - 0x00007fffa0104000 	C:\Windows\SYSTEM32\profapi.dll
0x00007fff9e590000 - 0x00007fff9e62f000 	C:\Windows\SYSTEM32\SHCORE.dll
0x00007fffa2a80000 - 0x00007fffa2ab4000 	C:\Windows\system32\IMM32.DLL
0x00007fffa2790000 - 0x00007fffa28c9000 	C:\Windows\system32\MSCTF.dll
0x00007fff9d7c0000 - 0x00007fff9da1a000 	C:\Windows\WinSxS\amd64_microsoft.windows.common-controls_6595b64144ccf1df_6.0.9600.17031_none_6242a4b3ecbb55a1\COMCTL32.dll
0x000000006b6a0000 - 0x000000006b772000 	C:\Program Files\Java\jre7\bin\msvcr100.dll
0x000000006aed0000 - 0x000000006b699000 	C:\Program Files\Java\jre7\bin\server\jvm.dll
0x00007fff91a10000 - 0x00007fff91a19000 	C:\Windows\SYSTEM32\WSOCK32.dll
0x00007fff9c1c0000 - 0x00007fff9c1df000 	C:\Windows\SYSTEM32\WINMM.dll
0x00007fffa2930000 - 0x00007fffa2937000 	C:\Windows\system32\PSAPI.DLL
0x00007fffa28d0000 - 0x00007fffa2928000 	C:\Windows\system32\WS2_32.dll
0x00007fff9a970000 - 0x00007fff9a99a000 	C:\Windows\SYSTEM32\WINMMBASE.dll
0x00007fffa26d0000 - 0x00007fffa26d9000 	C:\Windows\system32\NSI.dll
0x00007fffa0380000 - 0x00007fffa03ca000 	C:\Windows\SYSTEM32\cfgmgr32.dll
0x00007fff9ef80000 - 0x00007fff9efa6000 	C:\Windows\SYSTEM32\DEVOBJ.dll
0x000000006aec0000 - 0x000000006aecf000 	C:\Program Files\Java\jre7\bin\verify.dll
0x000000006ae90000 - 0x000000006aeb8000 	C:\Program Files\Java\jre7\bin\java.dll
0x000000006bc10000 - 0x000000006bc45000 	C:\Program Files\Java\jre7\bin\jdwp.dll
0x000000006bc00000 - 0x000000006bc08000 	C:\Program Files\Java\jre7\bin\npt.dll
0x000000006ae70000 - 0x000000006ae85000 	C:\Program Files\Java\jre7\bin\zip.dll
0x000000006bbf0000 - 0x000000006bbf9000 	C:\Program Files\Java\jre7\bin\dt_socket.dll
0x00007fff980b0000 - 0x00007fff980c4000 	C:\Windows\system32\napinsp.dll
0x00007fff980d0000 - 0x00007fff980e9000 	C:\Windows\system32\pnrpnsp.dll
0x00007fff9dc90000 - 0x00007fff9dca9000 	C:\Windows\system32\NLAapi.dll
0x00007fff9f960000 - 0x00007fff9f9b8000 	C:\Windows\System32\mswsock.dll
0x00007fff9f6b0000 - 0x00007fff9f753000 	C:\Windows\SYSTEM32\DNSAPI.dll
0x00007fff980f0000 - 0x00007fff980fc000 	C:\Windows\System32\winrnr.dll
0x00007fff9b410000 - 0x00007fff9b478000 	C:\Windows\System32\fwpuclnt.dll
0x00007fff99380000 - 0x00007fff99389000 	C:\Windows\System32\rasadhlp.dll
0x000000006bbe0000 - 0x000000006bbeb000 	C:\Program Files\Java\jre7\bin\management.dll
0x000000006ae50000 - 0x000000006ae69000 	C:\Program Files\Java\jre7\bin\net.dll
0x000000006ae30000 - 0x000000006ae41000 	C:\Program Files\Java\jre7\bin\nio.dll
0x00007fff9b900000 - 0x00007fff9b929000 	C:\Windows\SYSTEM32\IPHLPAPI.DLL
0x00007fff9b8f0000 - 0x00007fff9b8fa000 	C:\Windows\SYSTEM32\WINNSI.DLL
0x0000000180000000 - 0x0000000180051000 	D:\Programming\Java\Minecraft\1.7.10\Forge\build\natives\lwjgl64.dll
0x00007fff94a80000 - 0x00007fff94ba1000 	C:\Windows\SYSTEM32\OPENGL32.dll
0x00007fff9d600000 - 0x00007fff9d60a000 	C:\Windows\SYSTEM32\VERSION.dll
0x00007fff9c380000 - 0x00007fff9c3ac000 	C:\Windows\SYSTEM32\GLU32.dll
0x00007fff88a60000 - 0x00007fff88b54000 	C:\Windows\SYSTEM32\DDRAW.dll
0x00007fff9e1b0000 - 0x00007fff9e1b9000 	C:\Windows\SYSTEM32\DCIMAN32.dll
0x00007fff9f910000 - 0x00007fff9f92e000 	C:\Windows\SYSTEM32\CRYPTSP.dll
0x00007fff9f5c0000 - 0x00007fff9f5f5000 	C:\Windows\system32\rsaenh.dll
0x00007fff9fc40000 - 0x00007fff9fc66000 	C:\Windows\SYSTEM32\bcrypt.dll
0x00007fff9ff60000 - 0x00007fff9ffc0000 	C:\Windows\system32\bcryptprimitives.dll
0x00007fff9ffc0000 - 0x00007fff9ffca000 	C:\Windows\SYSTEM32\CRYPTBASE.dll
0x00007fff9b480000 - 0x00007fff9b494000 	C:\Windows\SYSTEM32\dhcpcsvc6.DLL
0x00007fff9b3f0000 - 0x00007fff9b409000 	C:\Windows\SYSTEM32\dhcpcsvc.DLL
0x000000006ba40000 - 0x000000006bbd5000 	C:\Program Files\Java\jre7\bin\awt.dll
0x00007fffa0b10000 - 0x00007fffa0bc7000 	C:\Windows\system32\OLEAUT32.dll
0x00007fff9edf0000 - 0x00007fff9ef11000 	C:\Windows\system32\uxtheme.dll
0x00007fff9c260000 - 0x00007fff9c285000 	C:\Program Files (x86)\Raptr\ltc_help64-82061.dll
0x00007fffa05b0000 - 0x00007fffa05fc000 	C:\Windows\system32\WINTRUST.dll
0x00007fffa03d0000 - 0x00007fffa05a7000 	C:\Windows\system32\CRYPT32.dll
0x00007fffa01a0000 - 0x00007fffa01b2000 	C:\Windows\system32\MSASN1.dll
0x00007fff9e3c0000 - 0x00007fff9e3e0000 	C:\Windows\system32\dwmapi.dll
0x00007fff9c360000 - 0x00007fff9c378000 	C:\Windows\SYSTEM32\atig6pxx.dll
0x0000000068b80000 - 0x000000006a6c0000 	C:\Windows\SYSTEM32\atio6axx.dll
0x00007fffa0c30000 - 0x00007fffa0e04000 	C:\Windows\system32\SETUPAPI.dll
0x00007fff9e220000 - 0x00007fff9e34f000 	C:\Windows\SYSTEM32\atiadlxx.dll
0x00007fff9ac50000 - 0x00007fff9adb5000 	C:\Windows\SYSTEM32\PROPSYS.dll
0x00007fff9ed90000 - 0x00007fff9eda1000 	C:\Windows\SYSTEM32\WTSAPI32.dll
0x00007fff9c300000 - 0x00007fff9c329000 	C:\Windows\SYSTEM32\atig6txx.dll
0x00007fff9ef70000 - 0x00007fff9ef7a000 	C:\Windows\SYSTEM32\kernel.appcore.dll
0x00007fff95f10000 - 0x00007fff95f9d000 	C:\Windows\SYSTEM32\mscms.dll
0x00007fff9b870000 - 0x00007fff9b8b1000 	C:\Windows\SYSTEM32\icm32.dll
0x00007fffa26e0000 - 0x00007fffa2784000 	C:\Windows\SYSTEM32\clbcatq.dll
0x0000000070a40000 - 0x0000000070adc000 	D:\Programming\Java\Minecraft\1.7.10\Forge\build\natives\avutil-ttv-51.dll
0x0000000065980000 - 0x00000000659d6000 	D:\Programming\Java\Minecraft\1.7.10\Forge\build\natives\swresample-ttv-0.dll
0x000000006eb80000 - 0x000000006ec50000 	D:\Programming\Java\Minecraft\1.7.10\Forge\build\natives\libmp3lame-ttv.dll
0x00007fff773b0000 - 0x00007fff78754000 	D:\Programming\Java\Minecraft\1.7.10\Forge\build\natives\libmfxsw64.dll
0x00007fff94950000 - 0x00007fff94a7b000 	D:\Programming\Java\Minecraft\1.7.10\Forge\build\natives\twitchsdk.dll
0x00007fff99bf0000 - 0x00007fff99e20000 	C:\Windows\SYSTEM32\WININET.dll
0x00007fff99e20000 - 0x00007fff9a0ca000 	C:\Windows\SYSTEM32\iertutil.dll
0x0000000010950000 - 0x00000000109b4000 	D:\Programming\Java\Minecraft\1.7.10\Forge\build\natives\OpenAL64.dll
0x00007fff9c6d0000 - 0x00007fff9c732000 	C:\Windows\System32\MMDevApi.dll
0x00007fff8be20000 - 0x00007fff8bea7000 	C:\Windows\SYSTEM32\dsound.dll
0x00007fffa0090000 - 0x00007fffa00d5000 	C:\Windows\SYSTEM32\POWRPROF.dll
0x00007fff92cd0000 - 0x00007fff92d46000 	C:\Windows\SYSTEM32\AUDIOSES.DLL
0x00007fff9da20000 - 0x00007fff9dba8000 	C:\Windows\SYSTEM32\dbghelp.dll

VM Arguments:
jvm_args: -agentlib:jdwp=transport=dt_socket,suspend=y,address=localhost:62221 -Dfml.ignoreInvalidMinecraftCertificates=true -Djava.library.path=D:\Programming\Java\Minecraft\1.7.10\Forge\build\natives;D:\Programming\Java\Minecraft\1.7.10\Forge\build\natives;D:\Programming\Java\Minecraft\1.7.10\Forge\build\natives;D:\Programming\Java\Minecraft\1.7.10\Forge\build\natives;D:\Programming\Java\Minecraft\1.7.10\Forge\build\natives;D:\Programming\Java\Minecraft\1.7.10\Forge\build\natives;D:\Programming\Java\Minecraft\1.7.10\Forge\build\natives;D:\Programming\Java\Minecraft\1.7.10\Forge\build\natives;D:\Programming\Java\Minecraft\1.7.10\Forge\build\natives;D:\Programming\Java\Minecraft\1.7.10\Forge\build\natives -Dfile.encoding=Cp1252 
java_command: net.minecraft.launchwrapper.Launch --version 1.7.10 --tweakClass cpw.mods.fml.common.launcher.FMLTweaker --accessToken Roboguy99 --userProperties {}
Launcher Type: SUN_STANDARD

Environment Variables:
JAVA_HOME=C:\Program Files\Java\jdk1.7.0_55
PATH=C:\Program Files (x86)\NVIDIA Corporation\PhysX\Common;C:\windows\system32;C:\windows;C:\windows\System32\Wbem;C:\windows\System32\WindowsPowerShell\v1.0\;C:\Program Files (x86)\ATI Technologies\ATI.ACE\Core-Static;C:\Users\Jake\AppData\Local\Smartbar\Application\;C:\Windows\system32;C:\Windows;C:\Windows\System32\Wbem;C:\Windows\System32\WindowsPowerShell\v1.0\;C:\Program Files (x86)\Git\cmd;C:\Program Files (x86)\proeWildfire 4.0\bin;C:\Program Files (x86)\proeWildfire 4.0\mech\bin;C:\Program Files\Java\jre7\bin;C:\Program Files (x86)\Java\jdk1.7.0_55\bin;C:\Program Files (x86)\AOMEI Backupper Professional Edition 2.0;D:\xampp\php;;C:\SocketeQ\windowsandroid_root\system\bin;C:\SocketeQ\windowsandroid_root\system\lib
USERNAME=Jake
OS=Windows_NT
PROCESSOR_IDENTIFIER=AMD64 Family 21 Model 1 Stepping 2, AuthenticAMD



---------------  S Y S T E M  ---------------

OS: Windows 8.1 , 64 bit Build 9600 

CPU:total 4 (4 cores per cpu, 1 threads per core) family 21 model 1 stepping 2, cmov, cx8, fxsr, mmx, sse, sse2, sse3, ssse3, sse4.1, sse4.2, popcnt, avx, aes, mmxext, 3dnowpref, lzcnt, sse4a, tsc, tscinvbit, tscinv

Memory: 4k page, physical 8386100k(3521088k free), swap 12056116k(6061848k free)

vm_info: Java HotSpot(TM) 64-Bit Server VM (24.55-b03) for windows-amd64 JRE (1.7.0_55-b13), built on Mar 17 2014 19:45:30 by "java_re" with unknown MS VC++:1600

time: Wed Jul 16 19:14:01 2014
elapsed time: 13 seconds

